<?xml version="1.0" encoding="UTF-8"?>
<robot generator="Robot 7.1 (Python 3.12.0 on win32)" generated="2024-10-09T08:15:42.726996" rpa="false" schemaversion="5">
<suite id="s1" name="Library And Resource" source="d:\workspace\robot_fw\lesson3\library_and_resource.robot">
<test id="s1-t1" name="Sử Dụng Resource File" line="31">
<kw name="Tính Tổng" owner="resource_file">
<kw name="Evaluate" owner="BuiltIn">
<msg time="2024-10-09T08:15:42.806011" level="INFO">${tổng} = 8</msg>
<var>${tổng}</var>
<arg>${số_1} + ${số_2}</arg>
<doc>Evaluates the given expression in Python and returns the result.</doc>
<status status="PASS" start="2024-10-09T08:15:42.805026" elapsed="0.003985"/>
</kw>
<return>
<value>${tổng}</value>
<status status="PASS" start="2024-10-09T08:15:42.810011" elapsed="0.000000"/>
</return>
<msg time="2024-10-09T08:15:42.811012" level="INFO">${result} = 8</msg>
<var>${result}</var>
<arg>5</arg>
<arg>3</arg>
<doc>Tính tổng hai số</doc>
<status status="PASS" start="2024-10-09T08:15:42.804011" elapsed="0.009001"/>
</kw>
<kw name="Should Be Equal As Integers" owner="BuiltIn">
<msg time="2024-10-09T08:15:42.815014" level="INFO">Argument types are:
&lt;class 'int'&gt;
&lt;class 'str'&gt;</msg>
<arg>${result}</arg>
<arg>8</arg>
<doc>Fails if objects are unequal after converting them to integers.</doc>
<status status="PASS" start="2024-10-09T08:15:42.814012" elapsed="0.001002"/>
</kw>
<kw name="Log" owner="BuiltIn">
<msg time="2024-10-09T08:15:42.817014" level="INFO">Xin chào từ resource file!</msg>
<arg>${GREETING}</arg>
<doc>Logs the given message with the given level.</doc>
<status status="PASS" start="2024-10-09T08:15:42.816017" elapsed="0.000997"/>
</kw>
<kw name="Chào Hỏi" owner="resource_file">
<kw name="Log" owner="BuiltIn">
<msg time="2024-10-09T08:15:42.819013" level="INFO">Xin chào, Robot Framework!</msg>
<arg>Xin chào, ${tên}!</arg>
<doc>Logs the given message with the given level.</doc>
<status status="PASS" start="2024-10-09T08:15:42.818014" elapsed="0.000999"/>
</kw>
<arg>Robot Framework</arg>
<doc>In ra lời chào</doc>
<status status="PASS" start="2024-10-09T08:15:42.818014" elapsed="0.000999"/>
</kw>
<doc>Minh họa cách sử dụng resource file</doc>
<status status="PASS" start="2024-10-09T08:15:42.802011" elapsed="0.018002"/>
</test>
<doc>Lesson 3: Library và Resource
Mục tiêu: Tìm hiểu cách sử dụng thư viện và tài nguyên bên ngoài.</doc>
<status status="PASS" start="2024-10-09T08:15:42.737994" elapsed="0.084020"/>
</suite>
<statistics>
<total>
<stat pass="1" fail="0" skip="0">All Tests</stat>
</total>
<tag>
</tag>
<suite>
<stat pass="1" fail="0" skip="0" id="s1" name="Library And Resource">Library And Resource</stat>
</suite>
</statistics>
<errors>
<msg time="2024-10-09T08:15:42.797008" level="WARN">Error in file 'd:\workspace\robot_fw\lesson3\resource_file.robot' on line 12: The '[Return]' setting is deprecated. Use the 'RETURN' statement instead.</msg>
</errors>
</robot>
