<?xml version="1.0" encoding="UTF-8"?>
<robot generator="Robot 7.1 (Python 3.12.0 on win32)" generated="2024-10-15T22:55:34.451012" rpa="false" schemaversion="5">
<suite id="s1" name="Variables" source="D:\workspace\robot_fw\lesson2\variables.robot">
<test id="s1-t1" name="Ví dụ Sử Dụng Biến Vô Hướng" line="19">
<kw name="Log" owner="BuiltIn">
<msg time="2024-10-15T22:55:34.478023" level="INFO">Đăng nhập với tài khoản: testuser@example.com</msg>
<arg>Đăng nhập với tài khoản: ${USERNAME}</arg>
<doc>Logs the given message with the given level.</doc>
<status status="PASS" start="2024-10-15T22:55:34.477023" elapsed="0.001000"/>
</kw>
<kw name="Log" owner="BuiltIn">
<msg time="2024-10-15T22:55:34.478023" level="INFO">Tại URL: https://example.com</msg>
<arg>Tại URL: ${URL}</arg>
<doc>Logs the given message with the given level.</doc>
<status status="PASS" start="2024-10-15T22:55:34.478023" elapsed="0.000000"/>
</kw>
<kw name="Set Variable" owner="BuiltIn">
<msg time="2024-10-15T22:55:34.478023" level="INFO">${login_message} = Đăng nhập thành công với mật khẩu: password123</msg>
<var>${login_message}</var>
<arg>Đăng nhập thành công với mật khẩu: ${PASSWORD}</arg>
<doc>Returns the given values which can then be assigned to a variables.</doc>
<status status="PASS" start="2024-10-15T22:55:34.478023" elapsed="0.000000"/>
</kw>
<kw name="Log" owner="BuiltIn">
<msg time="2024-10-15T22:55:34.478023" level="INFO">Đăng nhập thành công với mật khẩu: password123</msg>
<arg>${login_message}</arg>
<doc>Logs the given message with the given level.</doc>
<status status="PASS" start="2024-10-15T22:55:34.478023" elapsed="0.000000"/>
</kw>
<doc>Minh họa cách sử dụng biến vô hướng</doc>
<status status="PASS" start="2024-10-15T22:55:34.476023" elapsed="0.002000"/>
</test>
<test id="s1-t2" name="Ví dụ Sử Dụng Biến Danh Sách" line="26">
<kw name="Log" owner="BuiltIn">
<msg time="2024-10-15T22:55:34.480024" level="INFO">Danh sách các loại trái cây:</msg>
<arg>Danh sách các loại trái cây:</arg>
<doc>Logs the given message with the given level.</doc>
<status status="PASS" start="2024-10-15T22:55:34.480024" elapsed="0.000000"/>
</kw>
<for flavor="IN">
<iter>
<kw name="Log" owner="BuiltIn">
<msg time="2024-10-15T22:55:34.480024" level="INFO">- apple</msg>
<arg>- ${fruit}</arg>
<doc>Logs the given message with the given level.</doc>
<status status="PASS" start="2024-10-15T22:55:34.480024" elapsed="0.000000"/>
</kw>
<kw name="Run Keyword If" owner="BuiltIn">
<arg>'${fruit}' == 'orange'</arg>
<arg>Log</arg>
<arg>Đã tìm thấy cam!</arg>
<doc>Runs the given keyword with the given arguments, if ``condition`` is true.</doc>
<status status="PASS" start="2024-10-15T22:55:34.480024" elapsed="0.000000"/>
</kw>
<var name="${fruit}">apple</var>
<status status="PASS" start="2024-10-15T22:55:34.480024" elapsed="0.000866"/>
</iter>
<iter>
<kw name="Log" owner="BuiltIn">
<msg time="2024-10-15T22:55:34.480890" level="INFO">- banana</msg>
<arg>- ${fruit}</arg>
<doc>Logs the given message with the given level.</doc>
<status status="PASS" start="2024-10-15T22:55:34.480890" elapsed="0.000000"/>
</kw>
<kw name="Run Keyword If" owner="BuiltIn">
<arg>'${fruit}' == 'orange'</arg>
<arg>Log</arg>
<arg>Đã tìm thấy cam!</arg>
<doc>Runs the given keyword with the given arguments, if ``condition`` is true.</doc>
<status status="PASS" start="2024-10-15T22:55:34.480890" elapsed="0.000000"/>
</kw>
<var name="${fruit}">banana</var>
<status status="PASS" start="2024-10-15T22:55:34.480890" elapsed="0.000000"/>
</iter>
<iter>
<kw name="Log" owner="BuiltIn">
<msg time="2024-10-15T22:55:34.480890" level="INFO">- orange</msg>
<arg>- ${fruit}</arg>
<doc>Logs the given message with the given level.</doc>
<status status="PASS" start="2024-10-15T22:55:34.480890" elapsed="0.000000"/>
</kw>
<kw name="Run Keyword If" owner="BuiltIn">
<kw name="Log" owner="BuiltIn">
<msg time="2024-10-15T22:55:34.480890" level="INFO">Đã tìm thấy cam!</msg>
<arg>Đã tìm thấy cam!</arg>
<doc>Logs the given message with the given level.</doc>
<status status="PASS" start="2024-10-15T22:55:34.480890" elapsed="0.000998"/>
</kw>
<arg>'${fruit}' == 'orange'</arg>
<arg>Log</arg>
<arg>Đã tìm thấy cam!</arg>
<doc>Runs the given keyword with the given arguments, if ``condition`` is true.</doc>
<status status="PASS" start="2024-10-15T22:55:34.480890" elapsed="0.000998"/>
</kw>
<var name="${fruit}">orange</var>
<status status="PASS" start="2024-10-15T22:55:34.480890" elapsed="0.000998"/>
</iter>
<iter>
<kw name="Log" owner="BuiltIn">
<msg time="2024-10-15T22:55:34.481888" level="INFO">- grape</msg>
<arg>- ${fruit}</arg>
<doc>Logs the given message with the given level.</doc>
<status status="PASS" start="2024-10-15T22:55:34.481888" elapsed="0.000000"/>
</kw>
<kw name="Run Keyword If" owner="BuiltIn">
<arg>'${fruit}' == 'orange'</arg>
<arg>Log</arg>
<arg>Đã tìm thấy cam!</arg>
<doc>Runs the given keyword with the given arguments, if ``condition`` is true.</doc>
<status status="PASS" start="2024-10-15T22:55:34.481888" elapsed="0.000000"/>
</kw>
<var name="${fruit}">grape</var>
<status status="PASS" start="2024-10-15T22:55:34.481888" elapsed="0.000000"/>
</iter>
<var>${fruit}</var>
<value>@{FRUITS}</value>
<status status="PASS" start="2024-10-15T22:55:34.480024" elapsed="0.001864"/>
</for>
<kw name="Log" owner="BuiltIn">
<msg time="2024-10-15T22:55:34.481888" level="INFO">Trái cây đầu tiên là: apple</msg>
<arg>Trái cây đầu tiên là: ${FRUITS}[0]</arg>
<doc>Logs the given message with the given level.</doc>
<status status="PASS" start="2024-10-15T22:55:34.481888" elapsed="0.000000"/>
</kw>
<kw name="Log" owner="BuiltIn">
<msg time="2024-10-15T22:55:34.481888" level="INFO">Trái cây cuối cùng là: grape</msg>
<arg>Trái cây cuối cùng là: ${FRUITS}[-1]</arg>
<doc>Logs the given message with the given level.</doc>
<status status="PASS" start="2024-10-15T22:55:34.481888" elapsed="0.000000"/>
</kw>
<doc>Minh họa cách sử dụng biến danh sách</doc>
<status status="PASS" start="2024-10-15T22:55:34.479024" elapsed="0.003864"/>
</test>
<test id="s1-t3" name="Ví dụ Sử Dụng Biến Từ Điển" line="36">
<kw name="Log" owner="BuiltIn">
<msg time="2024-10-15T22:55:34.483889" level="INFO">Thông tin người dùng:</msg>
<arg>Thông tin người dùng:</arg>
<doc>Logs the given message with the given level.</doc>
<status status="PASS" start="2024-10-15T22:55:34.483889" elapsed="0.000000"/>
</kw>
<kw name="Log" owner="BuiltIn">
<msg time="2024-10-15T22:55:34.483889" level="INFO">Tên: John Doe</msg>
<arg>Tên: ${USER_INFO}[name]</arg>
<doc>Logs the given message with the given level.</doc>
<status status="PASS" start="2024-10-15T22:55:34.483889" elapsed="0.000000"/>
</kw>
<kw name="Log" owner="BuiltIn">
<msg time="2024-10-15T22:55:34.483889" level="INFO">Tuổi: 30</msg>
<arg>Tuổi: ${USER_INFO}[age]</arg>
<doc>Logs the given message with the given level.</doc>
<status status="PASS" start="2024-10-15T22:55:34.483889" elapsed="0.000000"/>
</kw>
<kw name="Log" owner="BuiltIn">
<msg time="2024-10-15T22:55:34.483889" level="INFO">Email: john@example.com</msg>
<arg>Email: ${USER_INFO}[email]</arg>
<doc>Logs the given message with the given level.</doc>
<status status="PASS" start="2024-10-15T22:55:34.483889" elapsed="0.000000"/>
</kw>
<doc>Minh họa cách sử dụng biến từ điển</doc>
<status status="PASS" start="2024-10-15T22:55:34.482888" elapsed="0.002000"/>
</test>
<doc>Lesson 2: Variables trong Robot Framework
Mục tiêu: Làm quen với biến (variables) và cách sử dụng trong test case.</doc>
<status status="PASS" start="2024-10-15T22:55:34.453014" elapsed="0.031874"/>
</suite>
<statistics>
<total>
<stat pass="3" fail="0" skip="0">All Tests</stat>
</total>
<tag>
</tag>
<suite>
<stat pass="3" fail="0" skip="0" id="s1" name="Variables">Variables</stat>
</suite>
</statistics>
<errors>
</errors>
</robot>
