<?xml version="1.0" encoding="UTF-8"?>
<robot generator="Robot 7.1 (Python 3.12.0 on win32)" generated="2024-10-17T22:40:33.236807" rpa="false" schemaversion="5">
<suite id="s1" name="Robot Fw" source="D:\workspace\robot_fw">
<suite id="s1-s1" name="Baocao" source="D:\workspace\robot_fw\baocao">
<suite id="s1-s1-s1" name="Login" source="D:\workspace\robot_fw\baocao\login">
<suite id="s1-s1-s1-s1" name="Login Testing" source="D:\workspace\robot_fw\baocao\login\login_testing.robot">
<test id="s1-s1-s1-s1-t1" name="Empty email and password" line="91">
<kw name="Open Browser" owner="SeleniumLibrary">
<msg time="2024-10-17T22:40:33.450855" level="INFO">Opening browser 'chrome' to base url 'http://127.0.0.1:5502/log-in.html'.</msg>
<arg>${URL}</arg>
<arg>${BROWSER}</arg>
<doc>Opens a new browser instance to the optional ``url``.</doc>
<status status="PASS" start="2024-10-17T22:40:33.449855" elapsed="1.611958"/>
</kw>
<kw name="Maximize Browser Window" owner="SeleniumLibrary">
<doc>Maximizes current browser window.</doc>
<status status="PASS" start="2024-10-17T22:40:35.061813" elapsed="0.032008"/>
</kw>
<kw name="Đăng Nhập">
<kw name="Input Text" owner="SeleniumLibrary">
<msg time="2024-10-17T22:40:35.094820" level="INFO">Typing text '' into text field 'id=email'.</msg>
<arg>id=email</arg>
<arg>${username}</arg>
<doc>Types the given ``text`` into the text field identified by ``locator``.</doc>
<status status="PASS" start="2024-10-17T22:40:35.094820" elapsed="0.079489"/>
</kw>
<kw name="Input Password" owner="SeleniumLibrary">
<msg time="2024-10-17T22:40:35.175303" level="INFO">Typing password into text field 'id=password'.</msg>
<msg time="2024-10-17T22:40:35.222980" level="INFO">Temporally setting log level to: NONE</msg>
<arg>id=password</arg>
<arg>${password}</arg>
<doc>Types the given password into the text field identified by ``locator``.</doc>
<status status="PASS" start="2024-10-17T22:40:35.174309" elapsed="0.105683"/>
</kw>
<kw name="Click Button" owner="SeleniumLibrary">
<msg time="2024-10-17T22:40:35.279992" level="INFO">Clicking button 'css=button[type='submit']'.</msg>
<arg>css=button[type='submit']</arg>
<doc>Clicks the button identified by ``locator``.</doc>
<status status="PASS" start="2024-10-17T22:40:35.279992" elapsed="0.431179"/>
</kw>
<arg>${USERNAME_EMPTY_EMAIL_AND_PASSWORD}</arg>
<arg>${PASSWORD_EMPTY_EMAIL_AND_PASSWORD}</arg>
<status status="PASS" start="2024-10-17T22:40:35.093821" elapsed="0.617350"/>
</kw>
<kw name="Alert Should Be Present" owner="SeleniumLibrary">
<msg time="2024-10-17T22:40:35.712171" level="INFO">HANDLE::&lt;class 'NoneType'&gt;::None</msg>
<arg>Email khong duoc rong</arg>
<doc>Verifies that an alert is present and by default, accepts it.</doc>
<status status="PASS" start="2024-10-17T22:40:35.711171" elapsed="0.006001"/>
</kw>
<kw name="Close Browser" owner="SeleniumLibrary" type="TEARDOWN">
<doc>Closes the current browser.</doc>
<status status="PASS" start="2024-10-17T22:40:35.718172" elapsed="2.162628"/>
</kw>
<doc>Empty email and password</doc>
<status status="PASS" start="2024-10-17T22:40:33.448855" elapsed="4.431945"/>
</test>
<doc>Lesson 4: Web Testing với Selenium
Mục tiêu: Kiểm thử web bằng cách sử dụng SeleniumLibrary.</doc>
<status status="PASS" start="2024-10-17T22:40:33.275817" elapsed="4.605984"/>
</suite>
<status status="PASS" start="2024-10-17T22:40:33.273816" elapsed="4.609985"/>
</suite>
<status status="PASS" start="2024-10-17T22:40:33.271815" elapsed="4.612985"/>
</suite>
<status status="PASS" start="2024-10-17T22:40:33.253810" elapsed="4.631991"/>
</suite>
<statistics>
<total>
<stat pass="1" fail="0" skip="0">All Tests</stat>
</total>
<tag>
</tag>
<suite>
<stat pass="1" fail="0" skip="0" id="s1" name="Robot Fw">Robot Fw</stat>
<stat pass="1" fail="0" skip="0" id="s1-s1" name="Baocao">Robot Fw.Baocao</stat>
<stat pass="1" fail="0" skip="0" id="s1-s1-s1" name="Login">Robot Fw.Baocao.Login</stat>
<stat pass="1" fail="0" skip="0" id="s1-s1-s1-s1" name="Login Testing">Robot Fw.Baocao.Login.Login Testing</stat>
</suite>
</statistics>
<errors>
</errors>
</robot>
