<?xml version="1.0" encoding="UTF-8"?>
<robot generator="Robot 7.1 (Python 3.12.0 on win32)" generated="2024-10-08T14:25:20.404746" rpa="false" schemaversion="5">
<suite id="s1" name="Robot Fw" source="D:\workspace\robot_fw">
<suite id="s1-s1" name="Lesson1" source="D:\workspace\robot_fw\lesson1">
<suite id="s1-s1-s1" name="Keywords And Testcases" source="D:\workspace\robot_fw\lesson1\keywords_and_testcases.robot">
<test id="s1-s1-s1-t1" name="Ví dụ Sử Dụng Từ Khóa Cơ Bản" line="12">
<kw name="Log" owner="BuiltIn" type="SETUP">
<msg time="2024-10-08T14:25:20.438755" level="INFO">Chuẩn bị chung cho mỗi test case</msg>
<arg>Chuẩn bị chung cho mỗi test case</arg>
<doc>Logs the given message with the given level.</doc>
<status status="PASS" start="2024-10-08T14:25:20.438755" elapsed="0.000000"/>
</kw>
<kw name="Log" owner="BuiltIn">
<msg time="2024-10-08T14:25:20.439756" level="INFO">Bắt đầu test case sử dụng từ khóa cơ bản</msg>
<arg>Bắt đầu test case sử dụng từ khóa cơ bản</arg>
<doc>Logs the given message with the given level.</doc>
<status status="PASS" start="2024-10-08T14:25:20.438755" elapsed="0.001001"/>
</kw>
<kw name="Evaluate" owner="BuiltIn">
<msg time="2024-10-08T14:25:20.439756" level="INFO">${kết_quả} = 8</msg>
<var>${kết_quả}</var>
<arg>${SỐ_1} + ${SỐ_2}</arg>
<doc>Evaluates the given expression in Python and returns the result.</doc>
<status status="PASS" start="2024-10-08T14:25:20.439756" elapsed="0.001000"/>
</kw>
<kw name="Should Be Equal As Integers" owner="BuiltIn">
<msg time="2024-10-08T14:25:20.440756" level="INFO">Argument types are:
&lt;class 'int'&gt;
&lt;class 'str'&gt;</msg>
<arg>${kết_quả}</arg>
<arg>${KẾT_QUẢ_MONG_ĐỢI}</arg>
<doc>Fails if objects are unequal after converting them to integers.</doc>
<status status="PASS" start="2024-10-08T14:25:20.440756" elapsed="0.000000"/>
</kw>
<kw name="Run Keyword If" owner="BuiltIn">
<kw name="Log" owner="BuiltIn">
<msg time="2024-10-08T14:25:20.441756" level="INFO">Kết quả lớn hơn 5</msg>
<arg>Kết quả lớn hơn 5</arg>
<doc>Logs the given message with the given level.</doc>
<status status="PASS" start="2024-10-08T14:25:20.441756" elapsed="0.000000"/>
</kw>
<arg>${kết_quả} &gt; 5</arg>
<arg>Log</arg>
<arg>Kết quả lớn hơn 5</arg>
<doc>Runs the given keyword with the given arguments, if ``condition`` is true.</doc>
<status status="PASS" start="2024-10-08T14:25:20.440756" elapsed="0.001000"/>
</kw>
<kw name="Log" owner="BuiltIn" type="TEARDOWN">
<msg time="2024-10-08T14:25:20.442757" level="INFO">Dọn dẹp chung sau mỗi test case</msg>
<arg>Dọn dẹp chung sau mỗi test case</arg>
<doc>Logs the given message with the given level.</doc>
<status status="PASS" start="2024-10-08T14:25:20.441756" elapsed="0.001001"/>
</kw>
<doc>Minh họa cách sử dụng các từ khóa cơ bản</doc>
<tag>basic</tag>
<tag>example</tag>
<status status="PASS" start="2024-10-08T14:25:20.436754" elapsed="0.006003"/>
</test>
<test id="s1-s1-s1-t2" name="Ví dụ Cấu Trúc Test Case" line="20">
<kw name="Log" owner="BuiltIn" type="SETUP">
<msg time="2024-10-08T14:25:20.443756" level="INFO">Chuẩn bị cho test case</msg>
<arg>Chuẩn bị cho test case</arg>
<doc>Logs the given message with the given level.</doc>
<status status="PASS" start="2024-10-08T14:25:20.443756" elapsed="0.001000"/>
</kw>
<kw name="Thực Hiện Phép Cộng">
<kw name="Evaluate" owner="BuiltIn">
<msg time="2024-10-08T14:25:20.445756" level="INFO">${kết_quả} = 8</msg>
<var>${kết_quả}</var>
<arg>${số_1} + ${số_2}</arg>
<doc>Evaluates the given expression in Python and returns the result.</doc>
<status status="PASS" start="2024-10-08T14:25:20.444756" elapsed="0.001000"/>
</kw>
<kw name="Should Be Equal As Integers" owner="BuiltIn">
<msg time="2024-10-08T14:25:20.445756" level="INFO">Argument types are:
&lt;class 'int'&gt;
&lt;class 'str'&gt;</msg>
<arg>${kết_quả}</arg>
<arg>${kết_quả_mong_đợi}</arg>
<doc>Fails if objects are unequal after converting them to integers.</doc>
<status status="PASS" start="2024-10-08T14:25:20.445756" elapsed="0.000000"/>
</kw>
<return>
<value>${kết_quả}</value>
<status status="PASS" start="2024-10-08T14:25:20.445756" elapsed="0.000000"/>
</return>
<arg>${SỐ_1}</arg>
<arg>${SỐ_2}</arg>
<arg>${KẾT_QUẢ_MONG_ĐỢI}</arg>
<doc>Từ khóa tùy chỉnh để thực hiện phép cộng và kiểm tra kết quả</doc>
<status status="PASS" start="2024-10-08T14:25:20.444756" elapsed="0.002001"/>
</kw>
<kw name="Log" owner="BuiltIn" type="TEARDOWN">
<msg time="2024-10-08T14:25:20.446757" level="INFO">Kết thúc test case</msg>
<arg>Kết thúc test case</arg>
<doc>Logs the given message with the given level.</doc>
<status status="PASS" start="2024-10-08T14:25:20.446757" elapsed="0.000000"/>
</kw>
<doc>Minh họa cấu trúc của một test case</doc>
<tag>example</tag>
<tag>structure</tag>
<status status="PASS" start="2024-10-08T14:25:20.443756" elapsed="0.003001"/>
</test>
<test id="s1-s1-s1-t3" name="Bài Tập: Phép Cộng Với Setup và Teardown" line="27">
<kw name="Log" owner="BuiltIn" type="SETUP">
<msg time="2024-10-08T14:25:20.448757" level="INFO">Bắt đầu bài tập phép cộng</msg>
<arg>Bắt đầu bài tập phép cộng</arg>
<doc>Logs the given message with the given level.</doc>
<status status="PASS" start="2024-10-08T14:25:20.448757" elapsed="0.000000"/>
</kw>
<kw name="Cộng Hai Số">
<kw name="Evaluate" owner="BuiltIn">
<msg time="2024-10-08T14:25:20.449758" level="INFO">${tổng} = 8</msg>
<var>${tổng}</var>
<arg>${số_1} + ${số_2}</arg>
<doc>Evaluates the given expression in Python and returns the result.</doc>
<status status="PASS" start="2024-10-08T14:25:20.449758" elapsed="0.000000"/>
</kw>
<return>
<value>${tổng}</value>
<status status="PASS" start="2024-10-08T14:25:20.449758" elapsed="0.000000"/>
</return>
<msg time="2024-10-08T14:25:20.450758" level="INFO">${kết_quả} = 8</msg>
<var>${kết_quả}</var>
<arg>${SỐ_1}</arg>
<arg>${SỐ_2}</arg>
<doc>Từ khóa tùy chỉnh để cộng hai số</doc>
<status status="PASS" start="2024-10-08T14:25:20.448757" elapsed="0.002001"/>
</kw>
<kw name="Should Be Equal As Integers" owner="BuiltIn">
<msg time="2024-10-08T14:25:20.450758" level="INFO">Argument types are:
&lt;class 'int'&gt;
&lt;class 'str'&gt;</msg>
<arg>${kết_quả}</arg>
<arg>${KẾT_QUẢ_MONG_ĐỢI}</arg>
<doc>Fails if objects are unequal after converting them to integers.</doc>
<status status="PASS" start="2024-10-08T14:25:20.450758" elapsed="0.000000"/>
</kw>
<kw name="Log" owner="BuiltIn" type="TEARDOWN">
<msg time="2024-10-08T14:25:20.451760" level="INFO">Kết thúc bài tập phép cộng</msg>
<arg>Kết thúc bài tập phép cộng</arg>
<doc>Logs the given message with the given level.</doc>
<status status="PASS" start="2024-10-08T14:25:20.451760" elapsed="0.000000"/>
</kw>
<doc>Bài tập: Tạo test case thực hiện phép cộng với setup và teardown</doc>
<tag>exercise</tag>
<status status="PASS" start="2024-10-08T14:25:20.447758" elapsed="0.004002"/>
</test>
<doc>Lesson 2: Keywords và cấu trúc Test Case
Mục tiêu: Hiểu cách sử dụng các từ khóa (keywords) có sẵn và cấu trúc test case.</doc>
<status status="PASS" start="2024-10-08T14:25:20.433754" elapsed="0.019005"/>
</suite>
<status status="PASS" start="2024-10-08T14:25:20.431753" elapsed="0.023006"/>
</suite>
<status status="PASS" start="2024-10-08T14:25:20.411749" elapsed="0.044010"/>
</suite>
<statistics>
<total>
<stat pass="3" fail="0" skip="0">All Tests</stat>
</total>
<tag>
<stat pass="1" fail="0" skip="0">basic</stat>
<stat pass="2" fail="0" skip="0">example</stat>
<stat pass="1" fail="0" skip="0">exercise</stat>
<stat pass="1" fail="0" skip="0">structure</stat>
</tag>
<suite>
<stat pass="3" fail="0" skip="0" id="s1" name="Robot Fw">Robot Fw</stat>
<stat pass="3" fail="0" skip="0" id="s1-s1" name="Lesson1">Robot Fw.Lesson1</stat>
<stat pass="3" fail="0" skip="0" id="s1-s1-s1" name="Keywords And Testcases">Robot Fw.Lesson1.Keywords And Testcases</stat>
</suite>
</statistics>
<errors>
</errors>
</robot>
